<?xml version="1.0" encoding="UTF-8"?>
<!-- Generated by org.testng.reporters.JUnitReportReporter -->
<testsuite hostname="Gowthami-Allu-C02D5HZSMD6M.local" failures="0" tests="1" name="TestSuite.Android" time="153.775" errors="0" timestamp="2024-08-22T16:03:12 IST" skipped="0">
  <testcase classname="TestSuite.Android" name="sanityrideFlow" time="153.775"/>
  <system-out/>
</testsuite> <!-- TestSuite.Android -->
